{"C:\\Users\\MorTALL\\MTActility\\device-catalog-private\\vendors\\netvox\\drivers\\lorawan\\extractPoints.js": {"path":"C:\\Users\\MorTALL\\MTActility\\device-catalog-private\\vendors\\netvox\\drivers\\lorawan\\extractPoints.js","statementMap":{"0":{"start":{"line":3,"column":17},"end":{"line":3,"column":19}},"1":{"start":{"line":5,"column":4},"end":{"line":7,"column":5}},"2":{"start":{"line":6,"column":8},"end":{"line":6,"column":68}},"3":{"start":{"line":9,"column":4},"end":{"line":11,"column":5}},"4":{"start":{"line":10,"column":8},"end":{"line":10,"column":82}},"5":{"start":{"line":12,"column":4},"end":{"line":14,"column":5}},"6":{"start":{"line":13,"column":8},"end":{"line":13,"column":76}},"7":{"start":{"line":15,"column":4},"end":{"line":18,"column":5}},"8":{"start":{"line":16,"column":8},"end":{"line":16,"column":86}},"9":{"start":{"line":19,"column":4},"end":{"line":21,"column":5}},"10":{"start":{"line":20,"column":8},"end":{"line":20,"column":81}},"11":{"start":{"line":22,"column":4},"end":{"line":24,"column":5}},"12":{"start":{"line":23,"column":8},"end":{"line":23,"column":72}},"13":{"start":{"line":25,"column":4},"end":{"line":27,"column":5}},"14":{"start":{"line":26,"column":8},"end":{"line":26,"column":73}},"15":{"start":{"line":28,"column":4},"end":{"line":30,"column":5}},"16":{"start":{"line":29,"column":8},"end":{"line":29,"column":69}},"17":{"start":{"line":31,"column":4},"end":{"line":33,"column":5}},"18":{"start":{"line":32,"column":8},"end":{"line":32,"column":79}},"19":{"start":{"line":34,"column":4},"end":{"line":36,"column":5}},"20":{"start":{"line":35,"column":8},"end":{"line":35,"column":68}},"21":{"start":{"line":37,"column":4},"end":{"line":39,"column":5}},"22":{"start":{"line":38,"column":8},"end":{"line":38,"column":71}},"23":{"start":{"line":40,"column":4},"end":{"line":42,"column":5}},"24":{"start":{"line":41,"column":8},"end":{"line":41,"column":103}},"25":{"start":{"line":43,"column":4},"end":{"line":45,"column":5}},"26":{"start":{"line":44,"column":8},"end":{"line":44,"column":68}},"27":{"start":{"line":46,"column":4},"end":{"line":48,"column":5}},"28":{"start":{"line":47,"column":8},"end":{"line":47,"column":65}},"29":{"start":{"line":49,"column":4},"end":{"line":51,"column":5}},"30":{"start":{"line":50,"column":8},"end":{"line":50,"column":79}},"31":{"start":{"line":52,"column":4},"end":{"line":54,"column":5}},"32":{"start":{"line":53,"column":8},"end":{"line":53,"column":79}},"33":{"start":{"line":55,"column":4},"end":{"line":57,"column":5}},"34":{"start":{"line":56,"column":8},"end":{"line":56,"column":79}},"35":{"start":{"line":58,"column":4},"end":{"line":60,"column":5}},"36":{"start":{"line":59,"column":8},"end":{"line":59,"column":79}},"37":{"start":{"line":70,"column":4},"end":{"line":70,"column":18}},"38":{"start":{"line":72,"column":0},"end":{"line":72,"column":38}}},"fnMap":{"0":{"name":"extractPoints","decl":{"start":{"line":2,"column":9},"end":{"line":2,"column":22}},"loc":{"start":{"line":2,"column":30},"end":{"line":71,"column":1}},"line":2}},"branchMap":{"0":{"loc":{"start":{"line":5,"column":4},"end":{"line":7,"column":5}},"type":"if","locations":[{"start":{"line":5,"column":4},"end":{"line":7,"column":5}},{"start":{},"end":{}}],"line":5},"1":{"loc":{"start":{"line":9,"column":4},"end":{"line":11,"column":5}},"type":"if","locations":[{"start":{"line":9,"column":4},"end":{"line":11,"column":5}},{"start":{},"end":{}}],"line":9},"2":{"loc":{"start":{"line":12,"column":4},"end":{"line":14,"column":5}},"type":"if","locations":[{"start":{"line":12,"column":4},"end":{"line":14,"column":5}},{"start":{},"end":{}}],"line":12},"3":{"loc":{"start":{"line":15,"column":4},"end":{"line":18,"column":5}},"type":"if","locations":[{"start":{"line":15,"column":4},"end":{"line":18,"column":5}},{"start":{},"end":{}}],"line":15},"4":{"loc":{"start":{"line":19,"column":4},"end":{"line":21,"column":5}},"type":"if","locations":[{"start":{"line":19,"column":4},"end":{"line":21,"column":5}},{"start":{},"end":{}}],"line":19},"5":{"loc":{"start":{"line":22,"column":4},"end":{"line":24,"column":5}},"type":"if","locations":[{"start":{"line":22,"column":4},"end":{"line":24,"column":5}},{"start":{},"end":{}}],"line":22},"6":{"loc":{"start":{"line":25,"column":4},"end":{"line":27,"column":5}},"type":"if","locations":[{"start":{"line":25,"column":4},"end":{"line":27,"column":5}},{"start":{},"end":{}}],"line":25},"7":{"loc":{"start":{"line":28,"column":4},"end":{"line":30,"column":5}},"type":"if","locations":[{"start":{"line":28,"column":4},"end":{"line":30,"column":5}},{"start":{},"end":{}}],"line":28},"8":{"loc":{"start":{"line":31,"column":4},"end":{"line":33,"column":5}},"type":"if","locations":[{"start":{"line":31,"column":4},"end":{"line":33,"column":5}},{"start":{},"end":{}}],"line":31},"9":{"loc":{"start":{"line":34,"column":4},"end":{"line":36,"column":5}},"type":"if","locations":[{"start":{"line":34,"column":4},"end":{"line":36,"column":5}},{"start":{},"end":{}}],"line":34},"10":{"loc":{"start":{"line":37,"column":4},"end":{"line":39,"column":5}},"type":"if","locations":[{"start":{"line":37,"column":4},"end":{"line":39,"column":5}},{"start":{},"end":{}}],"line":37},"11":{"loc":{"start":{"line":40,"column":4},"end":{"line":42,"column":5}},"type":"if","locations":[{"start":{"line":40,"column":4},"end":{"line":42,"column":5}},{"start":{},"end":{}}],"line":40},"12":{"loc":{"start":{"line":40,"column":8},"end":{"line":40,"column":73}},"type":"binary-expr","locations":[{"start":{"line":40,"column":8},"end":{"line":40,"column":38}},{"start":{"line":40,"column":42},"end":{"line":40,"column":73}}],"line":40},"13":{"loc":{"start":{"line":43,"column":4},"end":{"line":45,"column":5}},"type":"if","locations":[{"start":{"line":43,"column":4},"end":{"line":45,"column":5}},{"start":{},"end":{}}],"line":43},"14":{"loc":{"start":{"line":46,"column":4},"end":{"line":48,"column":5}},"type":"if","locations":[{"start":{"line":46,"column":4},"end":{"line":48,"column":5}},{"start":{},"end":{}}],"line":46},"15":{"loc":{"start":{"line":49,"column":4},"end":{"line":51,"column":5}},"type":"if","locations":[{"start":{"line":49,"column":4},"end":{"line":51,"column":5}},{"start":{},"end":{}}],"line":49},"16":{"loc":{"start":{"line":52,"column":4},"end":{"line":54,"column":5}},"type":"if","locations":[{"start":{"line":52,"column":4},"end":{"line":54,"column":5}},{"start":{},"end":{}}],"line":52},"17":{"loc":{"start":{"line":55,"column":4},"end":{"line":57,"column":5}},"type":"if","locations":[{"start":{"line":55,"column":4},"end":{"line":57,"column":5}},{"start":{},"end":{}}],"line":55},"18":{"loc":{"start":{"line":58,"column":4},"end":{"line":60,"column":5}},"type":"if","locations":[{"start":{"line":58,"column":4},"end":{"line":60,"column":5}},{"start":{},"end":{}}],"line":58}},"s":{"0":47,"1":47,"2":0,"3":47,"4":8,"5":47,"6":3,"7":47,"8":42,"9":47,"10":3,"11":47,"12":1,"13":47,"14":3,"15":47,"16":1,"17":47,"18":1,"19":47,"20":1,"21":47,"22":1,"23":47,"24":0,"25":47,"26":1,"27":47,"28":1,"29":47,"30":1,"31":47,"32":1,"33":47,"34":1,"35":47,"36":1,"37":47,"38":1},"f":{"0":47},"b":{"0":[0,47],"1":[8,39],"2":[3,44],"3":[42,5],"4":[3,44],"5":[1,46],"6":[3,44],"7":[1,46],"8":[1,46],"9":[1,46],"10":[1,46],"11":[0,47],"12":[47,0],"13":[1,46],"14":[1,46],"15":[1,46],"16":[1,46],"17":[1,46],"18":[1,46]},"_coverageSchema":"1a1c01bbd47fc00a2c39e90264f33305004495a9","hash":"132267e0574ee6177c5e24fc122c97a4a95a985d"}
,"C:\\Users\\MorTALL\\MTActility\\device-catalog-private\\vendors\\netvox\\drivers\\lorawan\\index.js": {"path":"C:\\Users\\MorTALL\\MTActility\\device-catalog-private\\vendors\\netvox\\drivers\\lorawan\\index.js","statementMap":{"0":{"start":{"line":3,"column":2},"end":{"line":3,"column":62}},"1":{"start":{"line":3,"column":53},"end":{"line":3,"column":62}},"2":{"start":{"line":4,"column":2},"end":{"line":4,"column":62}},"3":{"start":{"line":9,"column":2},"end":{"line":11,"column":14}},"4":{"start":{"line":10,"column":4},"end":{"line":10,"column":56}},"5":{"start":{"line":16,"column":2},"end":{"line":17,"column":41}},"6":{"start":{"line":16,"column":25},"end":{"line":16,"column":41}},"7":{"start":{"line":17,"column":7},"end":{"line":17,"column":41}},"8":{"start":{"line":22,"column":2},"end":{"line":127,"column":3}},"9":{"start":{"line":24,"column":6},"end":{"line":24,"column":20}},"10":{"start":{"line":26,"column":6},"end":{"line":26,"column":21}},"11":{"start":{"line":28,"column":6},"end":{"line":28,"column":21}},"12":{"start":{"line":30,"column":6},"end":{"line":30,"column":21}},"13":{"start":{"line":32,"column":6},"end":{"line":32,"column":21}},"14":{"start":{"line":34,"column":6},"end":{"line":34,"column":20}},"15":{"start":{"line":36,"column":6},"end":{"line":36,"column":21}},"16":{"start":{"line":38,"column":6},"end":{"line":38,"column":22}},"17":{"start":{"line":40,"column":6},"end":{"line":40,"column":21}},"18":{"start":{"line":42,"column":6},"end":{"line":42,"column":20}},"19":{"start":{"line":44,"column":6},"end":{"line":44,"column":21}},"20":{"start":{"line":46,"column":6},"end":{"line":46,"column":21}},"21":{"start":{"line":48,"column":6},"end":{"line":48,"column":20}},"22":{"start":{"line":50,"column":6},"end":{"line":50,"column":21}},"23":{"start":{"line":52,"column":6},"end":{"line":52,"column":20}},"24":{"start":{"line":54,"column":6},"end":{"line":54,"column":21}},"25":{"start":{"line":56,"column":6},"end":{"line":56,"column":21}},"26":{"start":{"line":58,"column":6},"end":{"line":58,"column":22}},"27":{"start":{"line":60,"column":6},"end":{"line":60,"column":22}},"28":{"start":{"line":62,"column":6},"end":{"line":62,"column":21}},"29":{"start":{"line":64,"column":6},"end":{"line":64,"column":22}},"30":{"start":{"line":66,"column":6},"end":{"line":66,"column":22}},"31":{"start":{"line":68,"column":6},"end":{"line":68,"column":22}},"32":{"start":{"line":70,"column":6},"end":{"line":70,"column":22}},"33":{"start":{"line":72,"column":6},"end":{"line":72,"column":22}},"34":{"start":{"line":74,"column":6},"end":{"line":74,"column":22}},"35":{"start":{"line":76,"column":6},"end":{"line":76,"column":22}},"36":{"start":{"line":78,"column":6},"end":{"line":78,"column":21}},"37":{"start":{"line":80,"column":6},"end":{"line":80,"column":21}},"38":{"start":{"line":82,"column":6},"end":{"line":82,"column":21}},"39":{"start":{"line":84,"column":6},"end":{"line":84,"column":21}},"40":{"start":{"line":86,"column":4},"end":{"line":86,"column":20}},"41":{"start":{"line":88,"column":6},"end":{"line":88,"column":22}},"42":{"start":{"line":90,"column":6},"end":{"line":90,"column":21}},"43":{"start":{"line":92,"column":6},"end":{"line":92,"column":22}},"44":{"start":{"line":94,"column":6},"end":{"line":94,"column":22}},"45":{"start":{"line":96,"column":6},"end":{"line":96,"column":22}},"46":{"start":{"line":98,"column":6},"end":{"line":98,"column":22}},"47":{"start":{"line":100,"column":6},"end":{"line":100,"column":22}},"48":{"start":{"line":102,"column":6},"end":{"line":102,"column":22}},"49":{"start":{"line":104,"column":6},"end":{"line":104,"column":22}},"50":{"start":{"line":106,"column":6},"end":{"line":106,"column":21}},"51":{"start":{"line":108,"column":6},"end":{"line":108,"column":21}},"52":{"start":{"line":110,"column":6},"end":{"line":110,"column":21}},"53":{"start":{"line":112,"column":6},"end":{"line":112,"column":22}},"54":{"start":{"line":114,"column":6},"end":{"line":114,"column":22}},"55":{"start":{"line":116,"column":6},"end":{"line":116,"column":21}},"56":{"start":{"line":118,"column":6},"end":{"line":118,"column":24}},"57":{"start":{"line":120,"column":6},"end":{"line":120,"column":22}},"58":{"start":{"line":122,"column":8},"end":{"line":122,"column":23}},"59":{"start":{"line":124,"column":6},"end":{"line":124,"column":19}},"60":{"start":{"line":126,"column":6},"end":{"line":126,"column":20}},"61":{"start":{"line":132,"column":2},"end":{"line":133,"column":19}},"62":{"start":{"line":132,"column":19},"end":{"line":132,"column":32}},"63":{"start":{"line":133,"column":7},"end":{"line":133,"column":19}},"64":{"start":{"line":138,"column":2},"end":{"line":139,"column":23}},"65":{"start":{"line":138,"column":24},"end":{"line":138,"column":42}},"66":{"start":{"line":139,"column":7},"end":{"line":139,"column":23}},"67":{"start":{"line":144,"column":2},"end":{"line":145,"column":21}},"68":{"start":{"line":144,"column":21},"end":{"line":144,"column":37}},"69":{"start":{"line":145,"column":7},"end":{"line":145,"column":21}},"70":{"start":{"line":150,"column":2},"end":{"line":151,"column":22}},"71":{"start":{"line":150,"column":19},"end":{"line":150,"column":36}},"72":{"start":{"line":151,"column":7},"end":{"line":151,"column":22}},"73":{"start":{"line":156,"column":2},"end":{"line":158,"column":29}},"74":{"start":{"line":156,"column":34},"end":{"line":156,"column":50}},"75":{"start":{"line":157,"column":7},"end":{"line":158,"column":29}},"76":{"start":{"line":157,"column":39},"end":{"line":157,"column":67}},"77":{"start":{"line":158,"column":7},"end":{"line":158,"column":29}},"78":{"start":{"line":163,"column":21},"end":{"line":163,"column":68}},"79":{"start":{"line":164,"column":2},"end":{"line":170,"column":3}},"80":{"start":{"line":165,"column":4},"end":{"line":165,"column":15}},"81":{"start":{"line":166,"column":9},"end":{"line":170,"column":3}},"82":{"start":{"line":167,"column":4},"end":{"line":167,"column":12}},"83":{"start":{"line":169,"column":4},"end":{"line":169,"column":24}},"84":{"start":{"line":175,"column":15},"end":{"line":175,"column":17}},"85":{"start":{"line":177,"column":2},"end":{"line":181,"column":3}},"86":{"start":{"line":178,"column":4},"end":{"line":178,"column":41}},"87":{"start":{"line":180,"column":4},"end":{"line":180,"column":29}},"88":{"start":{"line":183,"column":16},"end":{"line":183,"column":37}},"89":{"start":{"line":185,"column":2},"end":{"line":188,"column":3}},"90":{"start":{"line":186,"column":4},"end":{"line":186,"column":36}},"91":{"start":{"line":187,"column":4},"end":{"line":187,"column":18}},"92":{"start":{"line":190,"column":2},"end":{"line":190,"column":33}},"93":{"start":{"line":191,"column":2},"end":{"line":191,"column":54}},"94":{"start":{"line":192,"column":2},"end":{"line":192,"column":47}},"95":{"start":{"line":193,"column":2},"end":{"line":193,"column":53}},"96":{"start":{"line":194,"column":2},"end":{"line":194,"column":49}},"97":{"start":{"line":196,"column":2},"end":{"line":202,"column":3}},"98":{"start":{"line":198,"column":4},"end":{"line":198,"column":62}},"99":{"start":{"line":199,"column":4},"end":{"line":199,"column":63}},"100":{"start":{"line":200,"column":4},"end":{"line":200,"column":51}},"101":{"start":{"line":201,"column":4},"end":{"line":201,"column":18}},"102":{"start":{"line":204,"column":2},"end":{"line":443,"column":3}},"103":{"start":{"line":208,"column":6},"end":{"line":208,"column":63}},"104":{"start":{"line":209,"column":6},"end":{"line":209,"column":80}},"105":{"start":{"line":210,"column":6},"end":{"line":210,"column":60}},"106":{"start":{"line":211,"column":6},"end":{"line":211,"column":12}},"107":{"start":{"line":213,"column":6},"end":{"line":213,"column":63}},"108":{"start":{"line":214,"column":6},"end":{"line":214,"column":80}},"109":{"start":{"line":216,"column":6},"end":{"line":216,"column":12}},"110":{"start":{"line":219,"column":6},"end":{"line":219,"column":63}},"111":{"start":{"line":220,"column":6},"end":{"line":220,"column":56}},"112":{"start":{"line":221,"column":6},"end":{"line":221,"column":64}},"113":{"start":{"line":222,"column":6},"end":{"line":222,"column":12}},"114":{"start":{"line":225,"column":6},"end":{"line":225,"column":63}},"115":{"start":{"line":226,"column":6},"end":{"line":226,"column":80}},"116":{"start":{"line":227,"column":6},"end":{"line":227,"column":56}},"117":{"start":{"line":228,"column":6},"end":{"line":228,"column":55}},"118":{"start":{"line":229,"column":6},"end":{"line":229,"column":65}},"119":{"start":{"line":230,"column":6},"end":{"line":230,"column":12}},"120":{"start":{"line":232,"column":6},"end":{"line":232,"column":63}},"121":{"start":{"line":233,"column":6},"end":{"line":233,"column":55}},"122":{"start":{"line":234,"column":6},"end":{"line":234,"column":12}},"123":{"start":{"line":238,"column":6},"end":{"line":238,"column":63}},"124":{"start":{"line":240,"column":6},"end":{"line":304,"column":7}},"125":{"start":{"line":243,"column":10},"end":{"line":243,"column":51}},"126":{"start":{"line":244,"column":10},"end":{"line":244,"column":53}},"127":{"start":{"line":245,"column":10},"end":{"line":245,"column":53}},"128":{"start":{"line":246,"column":10},"end":{"line":246,"column":16}},"129":{"start":{"line":248,"column":10},"end":{"line":248,"column":53}},"130":{"start":{"line":249,"column":10},"end":{"line":249,"column":54}},"131":{"start":{"line":250,"column":10},"end":{"line":250,"column":55}},"132":{"start":{"line":251,"column":10},"end":{"line":251,"column":16}},"133":{"start":{"line":253,"column":10},"end":{"line":253,"column":53}},"134":{"start":{"line":254,"column":10},"end":{"line":254,"column":53}},"135":{"start":{"line":255,"column":10},"end":{"line":255,"column":54}},"136":{"start":{"line":256,"column":10},"end":{"line":256,"column":16}},"137":{"start":{"line":258,"column":10},"end":{"line":258,"column":56}},"138":{"start":{"line":259,"column":10},"end":{"line":259,"column":57}},"139":{"start":{"line":260,"column":10},"end":{"line":260,"column":57}},"140":{"start":{"line":261,"column":10},"end":{"line":261,"column":16}},"141":{"start":{"line":263,"column":10},"end":{"line":263,"column":57}},"142":{"start":{"line":264,"column":10},"end":{"line":264,"column":58}},"143":{"start":{"line":265,"column":10},"end":{"line":265,"column":58}},"144":{"start":{"line":266,"column":10},"end":{"line":266,"column":16}},"145":{"start":{"line":268,"column":10},"end":{"line":268,"column":57}},"146":{"start":{"line":269,"column":10},"end":{"line":269,"column":58}},"147":{"start":{"line":270,"column":10},"end":{"line":270,"column":60}},"148":{"start":{"line":271,"column":10},"end":{"line":271,"column":16}},"149":{"start":{"line":273,"column":10},"end":{"line":273,"column":57}},"150":{"start":{"line":274,"column":10},"end":{"line":274,"column":73}},"151":{"start":{"line":275,"column":10},"end":{"line":275,"column":70}},"152":{"start":{"line":276,"column":10},"end":{"line":276,"column":16}},"153":{"start":{"line":278,"column":10},"end":{"line":278,"column":58}},"154":{"start":{"line":279,"column":10},"end":{"line":279,"column":74}},"155":{"start":{"line":280,"column":10},"end":{"line":280,"column":72}},"156":{"start":{"line":281,"column":10},"end":{"line":281,"column":16}},"157":{"start":{"line":283,"column":10},"end":{"line":283,"column":71}},"158":{"start":{"line":284,"column":10},"end":{"line":284,"column":68}},"159":{"start":{"line":285,"column":10},"end":{"line":285,"column":59}},"160":{"start":{"line":286,"column":10},"end":{"line":286,"column":16}},"161":{"start":{"line":288,"column":10},"end":{"line":288,"column":73}},"162":{"start":{"line":289,"column":10},"end":{"line":289,"column":61}},"163":{"start":{"line":290,"column":10},"end":{"line":290,"column":61}},"164":{"start":{"line":291,"column":10},"end":{"line":291,"column":16}},"165":{"start":{"line":293,"column":10},"end":{"line":294,"column":67}},"166":{"start":{"line":295,"column":10},"end":{"line":295,"column":64}},"167":{"start":{"line":296,"column":10},"end":{"line":296,"column":64}},"168":{"start":{"line":297,"column":10},"end":{"line":297,"column":16}},"169":{"start":{"line":299,"column":10},"end":{"line":299,"column":68}},"170":{"start":{"line":300,"column":10},"end":{"line":300,"column":66}},"171":{"start":{"line":301,"column":10},"end":{"line":301,"column":16}},"172":{"start":{"line":303,"column":10},"end":{"line":303,"column":16}},"173":{"start":{"line":305,"column":6},"end":{"line":305,"column":12}},"174":{"start":{"line":307,"column":6},"end":{"line":307,"column":63}},"175":{"start":{"line":308,"column":6},"end":{"line":308,"column":54}},"176":{"start":{"line":309,"column":6},"end":{"line":309,"column":62}},"177":{"start":{"line":310,"column":6},"end":{"line":310,"column":55}},"178":{"start":{"line":311,"column":6},"end":{"line":311,"column":62}},"179":{"start":{"line":312,"column":6},"end":{"line":312,"column":12}},"180":{"start":{"line":314,"column":6},"end":{"line":314,"column":63}},"181":{"start":{"line":315,"column":6},"end":{"line":315,"column":80}},"182":{"start":{"line":316,"column":6},"end":{"line":317,"column":64}},"183":{"start":{"line":318,"column":6},"end":{"line":318,"column":12}},"184":{"start":{"line":320,"column":6},"end":{"line":320,"column":63}},"185":{"start":{"line":321,"column":6},"end":{"line":321,"column":53}},"186":{"start":{"line":322,"column":6},"end":{"line":322,"column":58}},"187":{"start":{"line":323,"column":6},"end":{"line":323,"column":58}},"188":{"start":{"line":324,"column":6},"end":{"line":324,"column":66}},"189":{"start":{"line":326,"column":6},"end":{"line":326,"column":12}},"190":{"start":{"line":328,"column":6},"end":{"line":328,"column":63}},"191":{"start":{"line":329,"column":6},"end":{"line":329,"column":66}},"192":{"start":{"line":330,"column":6},"end":{"line":330,"column":76}},"193":{"start":{"line":331,"column":6},"end":{"line":331,"column":12}},"194":{"start":{"line":333,"column":6},"end":{"line":341,"column":7}},"195":{"start":{"line":334,"column":8},"end":{"line":334,"column":57}},"196":{"start":{"line":335,"column":8},"end":{"line":335,"column":66}},"197":{"start":{"line":336,"column":8},"end":{"line":336,"column":52}},"198":{"start":{"line":337,"column":13},"end":{"line":341,"column":7}},"199":{"start":{"line":338,"column":8},"end":{"line":338,"column":59}},"200":{"start":{"line":339,"column":8},"end":{"line":339,"column":53}},"201":{"start":{"line":340,"column":8},"end":{"line":340,"column":52}},"202":{"start":{"line":342,"column":6},"end":{"line":342,"column":12}},"203":{"start":{"line":345,"column":6},"end":{"line":345,"column":63}},"204":{"start":{"line":346,"column":6},"end":{"line":346,"column":49}},"205":{"start":{"line":347,"column":6},"end":{"line":347,"column":50}},"206":{"start":{"line":348,"column":6},"end":{"line":348,"column":12}},"207":{"start":{"line":350,"column":6},"end":{"line":350,"column":63}},"208":{"start":{"line":351,"column":6},"end":{"line":351,"column":51}},"209":{"start":{"line":352,"column":6},"end":{"line":352,"column":54}},"210":{"start":{"line":353,"column":6},"end":{"line":353,"column":58}},"211":{"start":{"line":354,"column":6},"end":{"line":354,"column":66}},"212":{"start":{"line":355,"column":6},"end":{"line":355,"column":12}},"213":{"start":{"line":358,"column":6},"end":{"line":358,"column":63}},"214":{"start":{"line":359,"column":6},"end":{"line":359,"column":54}},"215":{"start":{"line":360,"column":6},"end":{"line":360,"column":62}},"216":{"start":{"line":361,"column":6},"end":{"line":361,"column":12}},"217":{"start":{"line":363,"column":6},"end":{"line":363,"column":63}},"218":{"start":{"line":364,"column":6},"end":{"line":364,"column":55}},"219":{"start":{"line":365,"column":6},"end":{"line":365,"column":54}},"220":{"start":{"line":366,"column":6},"end":{"line":366,"column":12}},"221":{"start":{"line":368,"column":6},"end":{"line":368,"column":63}},"222":{"start":{"line":369,"column":6},"end":{"line":369,"column":80}},"223":{"start":{"line":370,"column":6},"end":{"line":370,"column":12}},"224":{"start":{"line":376,"column":6},"end":{"line":376,"column":63}},"225":{"start":{"line":377,"column":6},"end":{"line":377,"column":80}},"226":{"start":{"line":378,"column":6},"end":{"line":379,"column":64}},"227":{"start":{"line":380,"column":6},"end":{"line":380,"column":12}},"228":{"start":{"line":385,"column":6},"end":{"line":385,"column":63}},"229":{"start":{"line":386,"column":6},"end":{"line":386,"column":56}},"230":{"start":{"line":387,"column":6},"end":{"line":387,"column":64}},"231":{"start":{"line":388,"column":6},"end":{"line":388,"column":12}},"232":{"start":{"line":390,"column":6},"end":{"line":390,"column":63}},"233":{"start":{"line":391,"column":6},"end":{"line":391,"column":55}},"234":{"start":{"line":392,"column":6},"end":{"line":392,"column":12}},"235":{"start":{"line":394,"column":6},"end":{"line":394,"column":63}},"236":{"start":{"line":395,"column":6},"end":{"line":395,"column":67}},"237":{"start":{"line":396,"column":6},"end":{"line":396,"column":68}},"238":{"start":{"line":397,"column":6},"end":{"line":397,"column":68}},"239":{"start":{"line":398,"column":6},"end":{"line":398,"column":12}},"240":{"start":{"line":400,"column":6},"end":{"line":400,"column":88}},"241":{"start":{"line":401,"column":6},"end":{"line":401,"column":55}},"242":{"start":{"line":402,"column":6},"end":{"line":402,"column":12}},"243":{"start":{"line":404,"column":6},"end":{"line":404,"column":88}},"244":{"start":{"line":405,"column":6},"end":{"line":405,"column":55}},"245":{"start":{"line":406,"column":6},"end":{"line":406,"column":12}},"246":{"start":{"line":408,"column":6},"end":{"line":408,"column":63}},"247":{"start":{"line":409,"column":6},"end":{"line":409,"column":51}},"248":{"start":{"line":410,"column":6},"end":{"line":410,"column":12}},"249":{"start":{"line":412,"column":6},"end":{"line":412,"column":63}},"250":{"start":{"line":413,"column":6},"end":{"line":413,"column":53}},"251":{"start":{"line":414,"column":6},"end":{"line":414,"column":12}},"252":{"start":{"line":416,"column":6},"end":{"line":416,"column":63}},"253":{"start":{"line":417,"column":6},"end":{"line":417,"column":48}},"254":{"start":{"line":418,"column":6},"end":{"line":418,"column":48}},"255":{"start":{"line":419,"column":6},"end":{"line":419,"column":58}},"256":{"start":{"line":420,"column":6},"end":{"line":420,"column":12}},"257":{"start":{"line":422,"column":4},"end":{"line":422,"column":80}},"258":{"start":{"line":423,"column":4},"end":{"line":426,"column":5}},"259":{"start":{"line":424,"column":8},"end":{"line":424,"column":53}},"260":{"start":{"line":425,"column":8},"end":{"line":425,"column":57}},"261":{"start":{"line":427,"column":6},"end":{"line":427,"column":12}},"262":{"start":{"line":429,"column":6},"end":{"line":429,"column":82}},"263":{"start":{"line":430,"column":6},"end":{"line":438,"column":7}},"264":{"start":{"line":431,"column":8},"end":{"line":431,"column":54}},"265":{"start":{"line":432,"column":8},"end":{"line":432,"column":55}},"266":{"start":{"line":433,"column":8},"end":{"line":433,"column":55}},"267":{"start":{"line":434,"column":8},"end":{"line":434,"column":58}},"268":{"start":{"line":435,"column":13},"end":{"line":438,"column":7}},"269":{"start":{"line":436,"column":8},"end":{"line":436,"column":57}},"270":{"start":{"line":437,"column":8},"end":{"line":437,"column":58}},"271":{"start":{"line":439,"column":6},"end":{"line":439,"column":12}},"272":{"start":{"line":441,"column":6},"end":{"line":441,"column":38}},"273":{"start":{"line":442,"column":6},"end":{"line":442,"column":12}},"274":{"start":{"line":445,"column":2},"end":{"line":445,"column":16}},"275":{"start":{"line":448,"column":0},"end":{"line":448,"column":36}}},"fnMap":{"0":{"name":"hexToDec","decl":{"start":{"line":2,"column":9},"end":{"line":2,"column":17}},"loc":{"start":{"line":2,"column":48},"end":{"line":5,"column":1}},"line":2},"1":{"name":"bytesToHex","decl":{"start":{"line":8,"column":9},"end":{"line":8,"column":19}},"loc":{"start":{"line":8,"column":27},"end":{"line":12,"column":1}},"line":8},"2":{"name":"(anonymous_2)","decl":{"start":{"line":9,"column":27},"end":{"line":9,"column":28}},"loc":{"start":{"line":9,"column":37},"end":{"line":11,"column":3}},"line":9},"3":{"name":"complement2Byte2","decl":{"start":{"line":15,"column":9},"end":{"line":15,"column":25}},"loc":{"start":{"line":15,"column":36},"end":{"line":18,"column":1}},"line":15},"4":{"name":"getSensorName","decl":{"start":{"line":21,"column":9},"end":{"line":21,"column":22}},"loc":{"start":{"line":21,"column":33},"end":{"line":128,"column":1}},"line":21},"5":{"name":"getState","decl":{"start":{"line":131,"column":9},"end":{"line":131,"column":17}},"loc":{"start":{"line":131,"column":25},"end":{"line":134,"column":1}},"line":131},"6":{"name":"getOccupacity","decl":{"start":{"line":137,"column":9},"end":{"line":137,"column":22}},"loc":{"start":{"line":137,"column":35},"end":{"line":140,"column":1}},"line":137},"7":{"name":"getLeakage","decl":{"start":{"line":143,"column":9},"end":{"line":143,"column":19}},"loc":{"start":{"line":143,"column":29},"end":{"line":146,"column":1}},"line":143},"8":{"name":"getAlarm","decl":{"start":{"line":149,"column":9},"end":{"line":149,"column":17}},"loc":{"start":{"line":149,"column":25},"end":{"line":152,"column":1}},"line":149},"9":{"name":"getLeakLocation","decl":{"start":{"line":155,"column":9},"end":{"line":155,"column":24}},"loc":{"start":{"line":155,"column":42},"end":{"line":159,"column":1}},"line":155},"10":{"name":"getBatteryLevel","decl":{"start":{"line":162,"column":9},"end":{"line":162,"column":24}},"loc":{"start":{"line":162,"column":40},"end":{"line":171,"column":1}},"line":162},"11":{"name":"decodeUplink","decl":{"start":{"line":174,"column":9},"end":{"line":174,"column":21}},"loc":{"start":{"line":174,"column":29},"end":{"line":446,"column":1}},"line":174}},"branchMap":{"0":{"loc":{"start":{"line":3,"column":2},"end":{"line":3,"column":62}},"type":"if","locations":[{"start":{"line":3,"column":2},"end":{"line":3,"column":62}},{"start":{},"end":{}}],"line":3},"1":{"loc":{"start":{"line":3,"column":6},"end":{"line":3,"column":51}},"type":"binary-expr","locations":[{"start":{"line":3,"column":6},"end":{"line":3,"column":24}},{"start":{"line":3,"column":28},"end":{"line":3,"column":51}}],"line":3},"2":{"loc":{"start":{"line":16,"column":2},"end":{"line":17,"column":41}},"type":"if","locations":[{"start":{"line":16,"column":2},"end":{"line":17,"column":41}},{"start":{"line":17,"column":7},"end":{"line":17,"column":41}}],"line":16},"3":{"loc":{"start":{"line":22,"column":2},"end":{"line":127,"column":3}},"type":"switch","locations":[{"start":{"line":23,"column":4},"end":{"line":24,"column":20}},{"start":{"line":25,"column":4},"end":{"line":26,"column":21}},{"start":{"line":27,"column":4},"end":{"line":28,"column":21}},{"start":{"line":29,"column":4},"end":{"line":30,"column":21}},{"start":{"line":31,"column":4},"end":{"line":32,"column":21}},{"start":{"line":33,"column":4},"end":{"line":34,"column":20}},{"start":{"line":35,"column":4},"end":{"line":36,"column":21}},{"start":{"line":37,"column":4},"end":{"line":38,"column":22}},{"start":{"line":39,"column":4},"end":{"line":40,"column":21}},{"start":{"line":41,"column":4},"end":{"line":42,"column":20}},{"start":{"line":43,"column":4},"end":{"line":44,"column":21}},{"start":{"line":45,"column":4},"end":{"line":46,"column":21}},{"start":{"line":47,"column":4},"end":{"line":48,"column":20}},{"start":{"line":49,"column":4},"end":{"line":50,"column":21}},{"start":{"line":51,"column":4},"end":{"line":52,"column":20}},{"start":{"line":53,"column":4},"end":{"line":54,"column":21}},{"start":{"line":55,"column":4},"end":{"line":56,"column":21}},{"start":{"line":57,"column":4},"end":{"line":58,"column":22}},{"start":{"line":59,"column":4},"end":{"line":60,"column":22}},{"start":{"line":61,"column":4},"end":{"line":62,"column":21}},{"start":{"line":63,"column":4},"end":{"line":64,"column":22}},{"start":{"line":65,"column":4},"end":{"line":66,"column":22}},{"start":{"line":67,"column":4},"end":{"line":68,"column":22}},{"start":{"line":69,"column":4},"end":{"line":70,"column":22}},{"start":{"line":71,"column":4},"end":{"line":72,"column":22}},{"start":{"line":73,"column":4},"end":{"line":74,"column":22}},{"start":{"line":75,"column":4},"end":{"line":76,"column":22}},{"start":{"line":77,"column":4},"end":{"line":78,"column":21}},{"start":{"line":79,"column":4},"end":{"line":80,"column":21}},{"start":{"line":81,"column":4},"end":{"line":82,"column":21}},{"start":{"line":83,"column":4},"end":{"line":84,"column":21}},{"start":{"line":85,"column":4},"end":{"line":86,"column":20}},{"start":{"line":87,"column":4},"end":{"line":88,"column":22}},{"start":{"line":89,"column":4},"end":{"line":90,"column":21}},{"start":{"line":91,"column":4},"end":{"line":92,"column":22}},{"start":{"line":93,"column":4},"end":{"line":94,"column":22}},{"start":{"line":95,"column":4},"end":{"line":96,"column":22}},{"start":{"line":97,"column":4},"end":{"line":98,"column":22}},{"start":{"line":99,"column":4},"end":{"line":100,"column":22}},{"start":{"line":101,"column":4},"end":{"line":102,"column":22}},{"start":{"line":103,"column":4},"end":{"line":104,"column":22}},{"start":{"line":105,"column":4},"end":{"line":106,"column":21}},{"start":{"line":107,"column":4},"end":{"line":108,"column":21}},{"start":{"line":109,"column":4},"end":{"line":110,"column":21}},{"start":{"line":111,"column":4},"end":{"line":112,"column":22}},{"start":{"line":113,"column":4},"end":{"line":114,"column":22}},{"start":{"line":115,"column":4},"end":{"line":116,"column":21}},{"start":{"line":117,"column":4},"end":{"line":118,"column":24}},{"start":{"line":119,"column":4},"end":{"line":120,"column":22}},{"start":{"line":121,"column":4},"end":{"line":122,"column":23}},{"start":{"line":123,"column":4},"end":{"line":124,"column":19}},{"start":{"line":125,"column":4},"end":{"line":126,"column":20}}],"line":22},"4":{"loc":{"start":{"line":132,"column":2},"end":{"line":133,"column":19}},"type":"if","locations":[{"start":{"line":132,"column":2},"end":{"line":133,"column":19}},{"start":{"line":133,"column":7},"end":{"line":133,"column":19}}],"line":132},"5":{"loc":{"start":{"line":138,"column":2},"end":{"line":139,"column":23}},"type":"if","locations":[{"start":{"line":138,"column":2},"end":{"line":139,"column":23}},{"start":{"line":139,"column":7},"end":{"line":139,"column":23}}],"line":138},"6":{"loc":{"start":{"line":144,"column":2},"end":{"line":145,"column":21}},"type":"if","locations":[{"start":{"line":144,"column":2},"end":{"line":145,"column":21}},{"start":{"line":145,"column":7},"end":{"line":145,"column":21}}],"line":144},"7":{"loc":{"start":{"line":150,"column":2},"end":{"line":151,"column":22}},"type":"if","locations":[{"start":{"line":150,"column":2},"end":{"line":151,"column":22}},{"start":{"line":151,"column":7},"end":{"line":151,"column":22}}],"line":150},"8":{"loc":{"start":{"line":156,"column":2},"end":{"line":158,"column":29}},"type":"if","locations":[{"start":{"line":156,"column":2},"end":{"line":158,"column":29}},{"start":{"line":157,"column":7},"end":{"line":158,"column":29}}],"line":156},"9":{"loc":{"start":{"line":157,"column":7},"end":{"line":158,"column":29}},"type":"if","locations":[{"start":{"line":157,"column":7},"end":{"line":158,"column":29}},{"start":{"line":158,"column":7},"end":{"line":158,"column":29}}],"line":157},"10":{"loc":{"start":{"line":164,"column":2},"end":{"line":170,"column":3}},"type":"if","locations":[{"start":{"line":164,"column":2},"end":{"line":170,"column":3}},{"start":{"line":166,"column":9},"end":{"line":170,"column":3}}],"line":164},"11":{"loc":{"start":{"line":166,"column":9},"end":{"line":170,"column":3}},"type":"if","locations":[{"start":{"line":166,"column":9},"end":{"line":170,"column":3}},{"start":{"line":168,"column":9},"end":{"line":170,"column":3}}],"line":166},"12":{"loc":{"start":{"line":177,"column":2},"end":{"line":181,"column":3}},"type":"if","locations":[{"start":{"line":177,"column":2},"end":{"line":181,"column":3}},{"start":{"line":179,"column":9},"end":{"line":181,"column":3}}],"line":177},"13":{"loc":{"start":{"line":185,"column":2},"end":{"line":188,"column":3}},"type":"if","locations":[{"start":{"line":185,"column":2},"end":{"line":188,"column":3}},{"start":{},"end":{}}],"line":185},"14":{"loc":{"start":{"line":185,"column":6},"end":{"line":185,"column":33}},"type":"binary-expr","locations":[{"start":{"line":185,"column":6},"end":{"line":185,"column":17}},{"start":{"line":185,"column":21},"end":{"line":185,"column":33}}],"line":185},"15":{"loc":{"start":{"line":196,"column":2},"end":{"line":202,"column":3}},"type":"if","locations":[{"start":{"line":196,"column":2},"end":{"line":202,"column":3}},{"start":{},"end":{}}],"line":196},"16":{"loc":{"start":{"line":204,"column":2},"end":{"line":443,"column":3}},"type":"switch","locations":[{"start":{"line":205,"column":4},"end":{"line":205,"column":14}},{"start":{"line":206,"column":4},"end":{"line":206,"column":14}},{"start":{"line":207,"column":4},"end":{"line":211,"column":12}},{"start":{"line":212,"column":4},"end":{"line":216,"column":12}},{"start":{"line":217,"column":4},"end":{"line":217,"column":14}},{"start":{"line":218,"column":4},"end":{"line":222,"column":12}},{"start":{"line":223,"column":4},"end":{"line":223,"column":14}},{"start":{"line":224,"column":4},"end":{"line":230,"column":12}},{"start":{"line":231,"column":4},"end":{"line":234,"column":12}},{"start":{"line":235,"column":4},"end":{"line":235,"column":14}},{"start":{"line":236,"column":4},"end":{"line":236,"column":14}},{"start":{"line":237,"column":4},"end":{"line":305,"column":12}},{"start":{"line":306,"column":4},"end":{"line":312,"column":12}},{"start":{"line":313,"column":4},"end":{"line":318,"column":12}},{"start":{"line":319,"column":4},"end":{"line":326,"column":12}},{"start":{"line":327,"column":4},"end":{"line":331,"column":12}},{"start":{"line":332,"column":4},"end":{"line":342,"column":12}},{"start":{"line":343,"column":4},"end":{"line":343,"column":14}},{"start":{"line":344,"column":4},"end":{"line":348,"column":12}},{"start":{"line":349,"column":4},"end":{"line":355,"column":12}},{"start":{"line":356,"column":4},"end":{"line":356,"column":14}},{"start":{"line":357,"column":4},"end":{"line":361,"column":12}},{"start":{"line":362,"column":4},"end":{"line":366,"column":12}},{"start":{"line":367,"column":4},"end":{"line":370,"column":12}},{"start":{"line":371,"column":4},"end":{"line":371,"column":14}},{"start":{"line":372,"column":4},"end":{"line":372,"column":14}},{"start":{"line":373,"column":4},"end":{"line":373,"column":14}},{"start":{"line":374,"column":4},"end":{"line":374,"column":14}},{"start":{"line":375,"column":4},"end":{"line":380,"column":12}},{"start":{"line":381,"column":4},"end":{"line":381,"column":14}},{"start":{"line":382,"column":4},"end":{"line":382,"column":14}},{"start":{"line":383,"column":4},"end":{"line":383,"column":14}},{"start":{"line":384,"column":4},"end":{"line":388,"column":12}},{"start":{"line":389,"column":4},"end":{"line":392,"column":12}},{"start":{"line":393,"column":4},"end":{"line":398,"column":12}},{"start":{"line":399,"column":4},"end":{"line":402,"column":12}},{"start":{"line":403,"column":4},"end":{"line":406,"column":12}},{"start":{"line":407,"column":4},"end":{"line":410,"column":12}},{"start":{"line":411,"column":4},"end":{"line":414,"column":12}},{"start":{"line":415,"column":4},"end":{"line":420,"column":12}},{"start":{"line":421,"column":4},"end":{"line":427,"column":12}},{"start":{"line":428,"column":4},"end":{"line":439,"column":12}},{"start":{"line":440,"column":4},"end":{"line":442,"column":12}}],"line":204},"17":{"loc":{"start":{"line":240,"column":6},"end":{"line":304,"column":7}},"type":"switch","locations":[{"start":{"line":241,"column":8},"end":{"line":241,"column":18}},{"start":{"line":242,"column":8},"end":{"line":246,"column":16}},{"start":{"line":247,"column":8},"end":{"line":251,"column":16}},{"start":{"line":252,"column":8},"end":{"line":256,"column":16}},{"start":{"line":257,"column":8},"end":{"line":261,"column":16}},{"start":{"line":262,"column":8},"end":{"line":266,"column":16}},{"start":{"line":267,"column":8},"end":{"line":271,"column":16}},{"start":{"line":272,"column":8},"end":{"line":276,"column":16}},{"start":{"line":277,"column":8},"end":{"line":281,"column":16}},{"start":{"line":282,"column":8},"end":{"line":286,"column":16}},{"start":{"line":287,"column":8},"end":{"line":291,"column":16}},{"start":{"line":292,"column":8},"end":{"line":297,"column":16}},{"start":{"line":298,"column":8},"end":{"line":301,"column":16}},{"start":{"line":302,"column":8},"end":{"line":303,"column":16}}],"line":240},"18":{"loc":{"start":{"line":333,"column":6},"end":{"line":341,"column":7}},"type":"if","locations":[{"start":{"line":333,"column":6},"end":{"line":341,"column":7}},{"start":{"line":337,"column":13},"end":{"line":341,"column":7}}],"line":333},"19":{"loc":{"start":{"line":337,"column":13},"end":{"line":341,"column":7}},"type":"if","locations":[{"start":{"line":337,"column":13},"end":{"line":341,"column":7}},{"start":{},"end":{}}],"line":337},"20":{"loc":{"start":{"line":423,"column":4},"end":{"line":426,"column":5}},"type":"if","locations":[{"start":{"line":423,"column":4},"end":{"line":426,"column":5}},{"start":{},"end":{}}],"line":423},"21":{"loc":{"start":{"line":430,"column":6},"end":{"line":438,"column":7}},"type":"if","locations":[{"start":{"line":430,"column":6},"end":{"line":438,"column":7}},{"start":{"line":435,"column":13},"end":{"line":438,"column":7}}],"line":430},"22":{"loc":{"start":{"line":435,"column":13},"end":{"line":438,"column":7}},"type":"if","locations":[{"start":{"line":435,"column":13},"end":{"line":438,"column":7}},{"start":{},"end":{}}],"line":435}},"s":{"0":0,"1":0,"2":0,"3":0,"4":0,"5":0,"6":0,"7":0,"8":0,"9":0,"10":0,"11":0,"12":0,"13":0,"14":0,"15":0,"16":0,"17":0,"18":0,"19":0,"20":0,"21":0,"22":0,"23":0,"24":0,"25":0,"26":0,"27":0,"28":0,"29":0,"30":0,"31":0,"32":0,"33":0,"34":0,"35":0,"36":0,"37":0,"38":0,"39":0,"40":0,"41":0,"42":0,"43":0,"44":0,"45":0,"46":0,"47":0,"48":0,"49":0,"50":0,"51":0,"52":0,"53":0,"54":0,"55":0,"56":0,"57":0,"58":0,"59":0,"60":0,"61":0,"62":0,"63":0,"64":0,"65":0,"66":0,"67":0,"68":0,"69":0,"70":0,"71":0,"72":0,"73":0,"74":0,"75":0,"76":0,"77":0,"78":0,"79":0,"80":0,"81":0,"82":0,"83":0,"84":0,"85":0,"86":0,"87":0,"88":0,"89":0,"90":0,"91":0,"92":0,"93":0,"94":0,"95":0,"96":0,"97":0,"98":0,"99":0,"100":0,"101":0,"102":0,"103":0,"104":0,"105":0,"106":0,"107":0,"108":0,"109":0,"110":0,"111":0,"112":0,"113":0,"114":0,"115":0,"116":0,"117":0,"118":0,"119":0,"120":0,"121":0,"122":0,"123":0,"124":0,"125":0,"126":0,"127":0,"128":0,"129":0,"130":0,"131":0,"132":0,"133":0,"134":0,"135":0,"136":0,"137":0,"138":0,"139":0,"140":0,"141":0,"142":0,"143":0,"144":0,"145":0,"146":0,"147":0,"148":0,"149":0,"150":0,"151":0,"152":0,"153":0,"154":0,"155":0,"156":0,"157":0,"158":0,"159":0,"160":0,"161":0,"162":0,"163":0,"164":0,"165":0,"166":0,"167":0,"168":0,"169":0,"170":0,"171":0,"172":0,"173":0,"174":0,"175":0,"176":0,"177":0,"178":0,"179":0,"180":0,"181":0,"182":0,"183":0,"184":0,"185":0,"186":0,"187":0,"188":0,"189":0,"190":0,"191":0,"192":0,"193":0,"194":0,"195":0,"196":0,"197":0,"198":0,"199":0,"200":0,"201":0,"202":0,"203":0,"204":0,"205":0,"206":0,"207":0,"208":0,"209":0,"210":0,"211":0,"212":0,"213":0,"214":0,"215":0,"216":0,"217":0,"218":0,"219":0,"220":0,"221":0,"222":0,"223":0,"224":0,"225":0,"226":0,"227":0,"228":0,"229":0,"230":0,"231":0,"232":0,"233":0,"234":0,"235":0,"236":0,"237":0,"238":0,"239":0,"240":0,"241":0,"242":0,"243":0,"244":0,"245":0,"246":0,"247":0,"248":0,"249":0,"250":0,"251":0,"252":0,"253":0,"254":0,"255":0,"256":0,"257":0,"258":0,"259":0,"260":0,"261":0,"262":0,"263":0,"264":0,"265":0,"266":0,"267":0,"268":0,"269":0,"270":0,"271":0,"272":0,"273":0,"274":0,"275":1},"f":{"0":0,"1":0,"2":0,"3":0,"4":0,"5":0,"6":0,"7":0,"8":0,"9":0,"10":0,"11":0},"b":{"0":[0,0],"1":[0,0],"2":[0,0],"3":[0,0,0,0,0,0,0,0,0,0,0,0,0,0,0,0,0,0,0,0,0,0,0,0,0,0,0,0,0,0,0,0,0,0,0,0,0,0,0,0,0,0,0,0,0,0,0,0,0,0,0,0],"4":[0,0],"5":[0,0],"6":[0,0],"7":[0,0],"8":[0,0],"9":[0,0],"10":[0,0],"11":[0,0],"12":[0,0],"13":[0,0],"14":[0,0],"15":[0,0],"16":[0,0,0,0,0,0,0,0,0,0,0,0,0,0,0,0,0,0,0,0,0,0,0,0,0,0,0,0,0,0,0,0,0,0,0,0,0,0,0,0,0,0,0],"17":[0,0,0,0,0,0,0,0,0,0,0,0,0,0],"18":[0,0],"19":[0,0],"20":[0,0],"21":[0,0],"22":[0,0]},"_coverageSchema":"1a1c01bbd47fc00a2c39e90264f33305004495a9","hash":"3b2bc072e0c877fef301f0018f8d2f88e8f5df74"}
}
