TN:
SF:extractPoints.js
FN:2,extractPoints
FNF:1
FNH:1
FNDA:47,extractPoints
DA:3,47
DA:5,47
DA:6,0
DA:9,47
DA:10,8
DA:12,47
DA:13,3
DA:15,47
DA:16,42
DA:19,47
DA:20,3
DA:22,47
DA:23,1
DA:25,47
DA:26,3
DA:28,47
DA:29,1
DA:31,47
DA:32,1
DA:34,47
DA:35,1
DA:37,47
DA:38,1
DA:40,47
DA:41,0
DA:43,47
DA:44,1
DA:46,47
DA:47,1
DA:49,47
DA:50,1
DA:52,47
DA:53,1
DA:55,47
DA:56,1
DA:58,47
DA:59,1
DA:70,47
DA:72,1
LF:39
LH:37
BRDA:5,0,0,0
BRDA:5,0,1,47
BRDA:9,1,0,8
BRDA:9,1,1,39
BRDA:12,2,0,3
BRDA:12,2,1,44
BRDA:15,3,0,42
BRDA:15,3,1,5
BRDA:19,4,0,3
BRDA:19,4,1,44
BRDA:22,5,0,1
BRDA:22,5,1,46
BRDA:25,6,0,3
BRDA:25,6,1,44
BRDA:28,7,0,1
BRDA:28,7,1,46
BRDA:31,8,0,1
BRDA:31,8,1,46
BRDA:34,9,0,1
BRDA:34,9,1,46
BRDA:37,10,0,1
BRDA:37,10,1,46
BRDA:40,11,0,0
BRDA:40,11,1,47
BRDA:40,12,0,47
BRDA:40,12,1,0
BRDA:43,13,0,1
BRDA:43,13,1,46
BRDA:46,14,0,1
BRDA:46,14,1,46
BRDA:49,15,0,1
BRDA:49,15,1,46
BRDA:52,16,0,1
BRDA:52,16,1,46
BRDA:55,17,0,1
BRDA:55,17,1,46
BRDA:58,18,0,1
BRDA:58,18,1,46
BRF:38
BRH:35
end_of_record
TN:
SF:index.js
FN:2,hexToDec
FN:8,bytesToHex
FN:9,(anonymous_2)
FN:15,complement2Byte2
FN:21,getSensorName
FN:131,getState
FN:137,getOccupacity
FN:143,getLeakage
FN:149,getAlarm
FN:155,getLeakLocation
FN:162,getBatteryLevel
FN:174,decodeUplink
FNF:12
FNH:0
FNDA:0,hexToDec
FNDA:0,bytesToHex
FNDA:0,(anonymous_2)
FNDA:0,complement2Byte2
FNDA:0,getSensorName
FNDA:0,getState
FNDA:0,getOccupacity
FNDA:0,getLeakage
FNDA:0,getAlarm
FNDA:0,getLeakLocation
FNDA:0,getBatteryLevel
FNDA:0,decodeUplink
DA:3,0
DA:4,0
DA:9,0
DA:10,0
DA:16,0
DA:17,0
DA:22,0
DA:24,0
DA:26,0
DA:28,0
DA:30,0
DA:32,0
DA:34,0
DA:36,0
DA:38,0
DA:40,0
DA:42,0
DA:44,0
DA:46,0
DA:48,0
DA:50,0
DA:52,0
DA:54,0
DA:56,0
DA:58,0
DA:60,0
DA:62,0
DA:64,0
DA:66,0
DA:68,0
DA:70,0
DA:72,0
DA:74,0
DA:76,0
DA:78,0
DA:80,0
DA:82,0
DA:84,0
DA:86,0
DA:88,0
DA:90,0
DA:92,0
DA:94,0
DA:96,0
DA:98,0
DA:100,0
DA:102,0
DA:104,0
DA:106,0
DA:108,0
DA:110,0
DA:112,0
DA:114,0
DA:116,0
DA:118,0
DA:120,0
DA:122,0
DA:124,0
DA:126,0
DA:132,0
DA:133,0
DA:138,0
DA:139,0
DA:144,0
DA:145,0
DA:150,0
DA:151,0
DA:156,0
DA:157,0
DA:158,0
DA:163,0
DA:164,0
DA:165,0
DA:166,0
DA:167,0
DA:169,0
DA:175,0
DA:177,0
DA:178,0
DA:180,0
DA:183,0
DA:185,0
DA:186,0
DA:187,0
DA:190,0
DA:191,0
DA:192,0
DA:193,0
DA:194,0
DA:196,0
DA:198,0
DA:199,0
DA:200,0
DA:201,0
DA:204,0
DA:208,0
DA:209,0
DA:210,0
DA:211,0
DA:213,0
DA:214,0
DA:216,0
DA:219,0
DA:220,0
DA:221,0
DA:222,0
DA:225,0
DA:226,0
DA:227,0
DA:228,0
DA:229,0
DA:230,0
DA:232,0
DA:233,0
DA:234,0
DA:238,0
DA:240,0
DA:243,0
DA:244,0
DA:245,0
DA:246,0
DA:248,0
DA:249,0
DA:250,0
DA:251,0
DA:253,0
DA:254,0
DA:255,0
DA:256,0
DA:258,0
DA:259,0
DA:260,0
DA:261,0
DA:263,0
DA:264,0
DA:265,0
DA:266,0
DA:268,0
DA:269,0
DA:270,0
DA:271,0
DA:273,0
DA:274,0
DA:275,0
DA:276,0
DA:278,0
DA:279,0
DA:280,0
DA:281,0
DA:283,0
DA:284,0
DA:285,0
DA:286,0
DA:288,0
DA:289,0
DA:290,0
DA:291,0
DA:293,0
DA:295,0
DA:296,0
DA:297,0
DA:299,0
DA:300,0
DA:301,0
DA:303,0
DA:305,0
DA:307,0
DA:308,0
DA:309,0
DA:310,0
DA:311,0
DA:312,0
DA:314,0
DA:315,0
DA:316,0
DA:318,0
DA:320,0
DA:321,0
DA:322,0
DA:323,0
DA:324,0
DA:326,0
DA:328,0
DA:329,0
DA:330,0
DA:331,0
DA:333,0
DA:334,0
DA:335,0
DA:336,0
DA:337,0
DA:338,0
DA:339,0
DA:340,0
DA:342,0
DA:345,0
DA:346,0
DA:347,0
DA:348,0
DA:350,0
DA:351,0
DA:352,0
DA:353,0
DA:354,0
DA:355,0
DA:358,0
DA:359,0
DA:360,0
DA:361,0
DA:363,0
DA:364,0
DA:365,0
DA:366,0
DA:368,0
DA:369,0
DA:370,0
DA:376,0
DA:377,0
DA:378,0
DA:380,0
DA:385,0
DA:386,0
DA:387,0
DA:388,0
DA:390,0
DA:391,0
DA:392,0
DA:394,0
DA:395,0
DA:396,0
DA:397,0
DA:398,0
DA:400,0
DA:401,0
DA:402,0
DA:404,0
DA:405,0
DA:406,0
DA:408,0
DA:409,0
DA:410,0
DA:412,0
DA:413,0
DA:414,0
DA:416,0
DA:417,0
DA:418,0
DA:419,0
DA:420,0
DA:422,0
DA:423,0
DA:424,0
DA:425,0
DA:427,0
DA:429,0
DA:430,0
DA:431,0
DA:432,0
DA:433,0
DA:434,0
DA:435,0
DA:436,0
DA:437,0
DA:439,0
DA:441,0
DA:442,0
DA:445,0
DA:448,1
LF:268
LH:1
BRDA:3,0,0,0
BRDA:3,0,1,0
BRDA:3,1,0,0
BRDA:3,1,1,0
BRDA:16,2,0,0
BRDA:16,2,1,0
BRDA:22,3,0,0
BRDA:22,3,1,0
BRDA:22,3,2,0
BRDA:22,3,3,0
BRDA:22,3,4,0
BRDA:22,3,5,0
BRDA:22,3,6,0
BRDA:22,3,7,0
BRDA:22,3,8,0
BRDA:22,3,9,0
BRDA:22,3,10,0
BRDA:22,3,11,0
BRDA:22,3,12,0
BRDA:22,3,13,0
BRDA:22,3,14,0
BRDA:22,3,15,0
BRDA:22,3,16,0
BRDA:22,3,17,0
BRDA:22,3,18,0
BRDA:22,3,19,0
BRDA:22,3,20,0
BRDA:22,3,21,0
BRDA:22,3,22,0
BRDA:22,3,23,0
BRDA:22,3,24,0
BRDA:22,3,25,0
BRDA:22,3,26,0
BRDA:22,3,27,0
BRDA:22,3,28,0
BRDA:22,3,29,0
BRDA:22,3,30,0
BRDA:22,3,31,0
BRDA:22,3,32,0
BRDA:22,3,33,0
BRDA:22,3,34,0
BRDA:22,3,35,0
BRDA:22,3,36,0
BRDA:22,3,37,0
BRDA:22,3,38,0
BRDA:22,3,39,0
BRDA:22,3,40,0
BRDA:22,3,41,0
BRDA:22,3,42,0
BRDA:22,3,43,0
BRDA:22,3,44,0
BRDA:22,3,45,0
BRDA:22,3,46,0
BRDA:22,3,47,0
BRDA:22,3,48,0
BRDA:22,3,49,0
BRDA:22,3,50,0
BRDA:22,3,51,0
BRDA:132,4,0,0
BRDA:132,4,1,0
BRDA:138,5,0,0
BRDA:138,5,1,0
BRDA:144,6,0,0
BRDA:144,6,1,0
BRDA:150,7,0,0
BRDA:150,7,1,0
BRDA:156,8,0,0
BRDA:156,8,1,0
BRDA:157,9,0,0
BRDA:157,9,1,0
BRDA:164,10,0,0
BRDA:164,10,1,0
BRDA:166,11,0,0
BRDA:166,11,1,0
BRDA:177,12,0,0
BRDA:177,12,1,0
BRDA:185,13,0,0
BRDA:185,13,1,0
BRDA:185,14,0,0
BRDA:185,14,1,0
BRDA:196,15,0,0
BRDA:196,15,1,0
BRDA:204,16,0,0
BRDA:204,16,1,0
BRDA:204,16,2,0
BRDA:204,16,3,0
BRDA:204,16,4,0
BRDA:204,16,5,0
BRDA:204,16,6,0
BRDA:204,16,7,0
BRDA:204,16,8,0
BRDA:204,16,9,0
BRDA:204,16,10,0
BRDA:204,16,11,0
BRDA:204,16,12,0
BRDA:204,16,13,0
BRDA:204,16,14,0
BRDA:204,16,15,0
BRDA:204,16,16,0
BRDA:204,16,17,0
BRDA:204,16,18,0
BRDA:204,16,19,0
BRDA:204,16,20,0
BRDA:204,16,21,0
BRDA:204,16,22,0
BRDA:204,16,23,0
BRDA:204,16,24,0
BRDA:204,16,25,0
BRDA:204,16,26,0
BRDA:204,16,27,0
BRDA:204,16,28,0
BRDA:204,16,29,0
BRDA:204,16,30,0
BRDA:204,16,31,0
BRDA:204,16,32,0
BRDA:204,16,33,0
BRDA:204,16,34,0
BRDA:204,16,35,0
BRDA:204,16,36,0
BRDA:204,16,37,0
BRDA:204,16,38,0
BRDA:204,16,39,0
BRDA:204,16,40,0
BRDA:204,16,41,0
BRDA:204,16,42,0
BRDA:240,17,0,0
BRDA:240,17,1,0
BRDA:240,17,2,0
BRDA:240,17,3,0
BRDA:240,17,4,0
BRDA:240,17,5,0
BRDA:240,17,6,0
BRDA:240,17,7,0
BRDA:240,17,8,0
BRDA:240,17,9,0
BRDA:240,17,10,0
BRDA:240,17,11,0
BRDA:240,17,12,0
BRDA:240,17,13,0
BRDA:333,18,0,0
BRDA:333,18,1,0
BRDA:337,19,0,0
BRDA:337,19,1,0
BRDA:423,20,0,0
BRDA:423,20,1,0
BRDA:430,21,0,0
BRDA:430,21,1,0
BRDA:435,22,0,0
BRDA:435,22,1,0
BRF:149
BRH:0
end_of_record
